Performing C SOURCE FILE Test CMAKE_HAVE_LIBC_PTHREAD failed with the following output:
Change Dir: /home/vushu/coding/cpp/emscripten/blob/build/CMakeFiles/CMakeTmp

Run Build Command(s):/usr/bin/make cmTC_fb569/fast && /usr/bin/make -f CMakeFiles/cmTC_fb569.dir/build.make CMakeFiles/cmTC_fb569.dir/build
make[1]: Entering directory '/home/vushu/coding/cpp/emscripten/blob/build/CMakeFiles/CMakeTmp'
Building C object CMakeFiles/cmTC_fb569.dir/src.c.o
/usr/bin/cc   -DCMAKE_HAVE_LIBC_PTHREAD   -o CMakeFiles/cmTC_fb569.dir/src.c.o   -c /home/vushu/coding/cpp/emscripten/blob/build/CMakeFiles/CMakeTmp/src.c
Linking C executable cmTC_fb569
/snap/cmake/203/bin/cmake -E cmake_link_script CMakeFiles/cmTC_fb569.dir/link.txt --verbose=1
/usr/bin/cc  -DCMAKE_HAVE_LIBC_PTHREAD    CMakeFiles/cmTC_fb569.dir/src.c.o  -o cmTC_fb569 
CMakeFiles/cmTC_fb569.dir/src.c.o: In function `main':
src.c:(.text+0x3e): undefined reference to `pthread_create'
src.c:(.text+0x4a): undefined reference to `pthread_detach'
src.c:(.text+0x5b): undefined reference to `pthread_join'
src.c:(.text+0x6f): undefined reference to `pthread_atfork'
collect2: error: ld returned 1 exit status
CMakeFiles/cmTC_fb569.dir/build.make:86: recipe for target 'cmTC_fb569' failed
make[1]: *** [cmTC_fb569] Error 1
make[1]: Leaving directory '/home/vushu/coding/cpp/emscripten/blob/build/CMakeFiles/CMakeTmp'
Makefile:121: recipe for target 'cmTC_fb569/fast' failed
make: *** [cmTC_fb569/fast] Error 2


Source file was:
#include <pthread.h>

void* test_func(void* data)
{
  return data;
}

int main(void)
{
  pthread_t thread;
  pthread_create(&thread, NULL, test_func, NULL);
  pthread_detach(thread);
  pthread_join(thread, NULL);
  pthread_atfork(NULL, NULL, NULL);
  pthread_exit(NULL);

  return 0;
}

Determining if the function pthread_create exists in the pthreads failed with the following output:
Change Dir: /home/vushu/coding/cpp/emscripten/blob/build/CMakeFiles/CMakeTmp

Run Build Command(s):/usr/bin/make cmTC_e75b7/fast && /usr/bin/make -f CMakeFiles/cmTC_e75b7.dir/build.make CMakeFiles/cmTC_e75b7.dir/build
make[1]: Entering directory '/home/vushu/coding/cpp/emscripten/blob/build/CMakeFiles/CMakeTmp'
Building C object CMakeFiles/cmTC_e75b7.dir/CheckFunctionExists.c.o
/usr/bin/cc   -DCHECK_FUNCTION_EXISTS=pthread_create   -o CMakeFiles/cmTC_e75b7.dir/CheckFunctionExists.c.o   -c /snap/cmake/203/share/cmake-3.16/Modules/CheckFunctionExists.c
Linking C executable cmTC_e75b7
/snap/cmake/203/bin/cmake -E cmake_link_script CMakeFiles/cmTC_e75b7.dir/link.txt --verbose=1
/usr/bin/cc  -DCHECK_FUNCTION_EXISTS=pthread_create    CMakeFiles/cmTC_e75b7.dir/CheckFunctionExists.c.o  -o cmTC_e75b7  -lpthreads 
/usr/bin/ld: cannot find -lpthreads
collect2: error: ld returned 1 exit status
CMakeFiles/cmTC_e75b7.dir/build.make:86: recipe for target 'cmTC_e75b7' failed
make[1]: *** [cmTC_e75b7] Error 1
make[1]: Leaving directory '/home/vushu/coding/cpp/emscripten/blob/build/CMakeFiles/CMakeTmp'
Makefile:121: recipe for target 'cmTC_e75b7/fast' failed
make: *** [cmTC_e75b7/fast] Error 2



