The target system is: Emscripten - 1 - x86
The host system is: Linux - 4.15.0-76-generic - x86_64
Performing C SOURCE FILE Test CMAKE_HAVE_LIBC_PTHREAD succeeded with the following output:
Change Dir: /home/vushu/coding/cpp/emscripten/emscripten_game_blob/build/CMakeFiles/CMakeTmp

Run Build Command(s):/usr/bin/make cmTC_d775c/fast && /usr/bin/make -f CMakeFiles/cmTC_d775c.dir/build.make CMakeFiles/cmTC_d775c.dir/build
make[1]: Entering directory '/home/vushu/coding/cpp/emscripten/emscripten_game_blob/build/CMakeFiles/CMakeTmp'
Building C object CMakeFiles/cmTC_d775c.dir/src.c.o
/home/vushu/coding/repos/emsdk/upstream/emscripten/emcc   -DCMAKE_HAVE_LIBC_PTHREAD   -o CMakeFiles/cmTC_d775c.dir/src.c.o   -c /home/vushu/coding/cpp/emscripten/emscripten_game_blob/build/CMakeFiles/CMakeTmp/src.c
Linking C executable cmTC_d775c.js
/snap/cmake/252/bin/cmake -E cmake_link_script CMakeFiles/cmTC_d775c.dir/link.txt --verbose=1
/home/vushu/coding/repos/emsdk/upstream/emscripten/emcc  -DCMAKE_HAVE_LIBC_PTHREAD    @CMakeFiles/cmTC_d775c.dir/objects1.rsp  -o cmTC_d775c.js 
make[1]: Leaving directory '/home/vushu/coding/cpp/emscripten/emscripten_game_blob/build/CMakeFiles/CMakeTmp'


Source file was:
#include <pthread.h>

void* test_func(void* data)
{
  return data;
}

int main(void)
{
  pthread_t thread;
  pthread_create(&thread, NULL, test_func, NULL);
  pthread_detach(thread);
  pthread_join(thread, NULL);
  pthread_atfork(NULL, NULL, NULL);
  pthread_exit(NULL);

  return 0;
}

